<?xml version="1.0" encoding="UTF-8"?>
<testng-results ignored="0" total="1" passed="1" failed="0" skipped="0">
  <reporter-output>
  </reporter-output>
  <suite started-at="2022-12-28T23:24:51 IST" name="Default suite" finished-at="2022-12-28T23:26:24 IST" duration-ms="92573">
    <groups>
    </groups>
    <test started-at="2022-12-28T23:24:51 IST" name="Default test" finished-at="2022-12-28T23:26:24 IST" duration-ms="92573">
      <class name="scripts.Testcase3">
        <test-method is-config="true" signature="openApp()[pri:0, instance:scripts.Testcase3@1e6454ec]" started-at="2022-12-28T23:24:51 IST" name="openApp" finished-at="2022-12-28T23:25:46 IST" duration-ms="54671" status="PASS">
          <reporter-output>
          </reporter-output>
        </test-method> <!-- openApp -->
        <test-method signature="tc3()[pri:0, instance:scripts.Testcase3@1e6454ec]" started-at="2022-12-28T23:25:46 IST" name="tc3" finished-at="2022-12-28T23:26:19 IST" duration-ms="33002" status="PASS">
          <reporter-output>
          </reporter-output>
        </test-method> <!-- tc3 -->
        <test-method is-config="true" signature="closeApp(org.testng.ITestResult)[pri:0, instance:scripts.Testcase3@1e6454ec]" started-at="2022-12-28T23:26:19 IST" name="closeApp" finished-at="2022-12-28T23:26:24 IST" duration-ms="4769" status="PASS">
          <params>
            <param index="0">
              <value>
                <![CDATA[[TestResult name=tc3 status=SUCCESS method=Testcase3.tc3()[pri:0, instance:scripts.Testcase3@1e6454ec] output={null}]]]>
              </value>
            </param>
          </params>
          <reporter-output>
          </reporter-output>
        </test-method> <!-- closeApp -->
      </class> <!-- scripts.Testcase3 -->
    </test> <!-- Default test -->
  </suite> <!-- Default suite -->
</testng-results>
